<?xml version="1.0" encoding="UTF-8"?>
<testng-results ignored="0" total="1" passed="1" failed="0" skipped="0">
  <reporter-output>
  </reporter-output>
  <suite started-at="2021-05-24T11:41:44 IST" name="Default suite" finished-at="2021-05-24T11:42:15 IST" duration-ms="31093">
    <groups>
    </groups>
    <test started-at="2021-05-24T11:41:44 IST" name="Default test" finished-at="2021-05-24T11:42:15 IST" duration-ms="31093">
      <class name="scripts.Addtocart">
        <test-method is-config="true" signature="openApp()[pri:0, instance:scripts.Addtocart@1ba9117e]" started-at="2021-05-24T11:41:44 IST" name="openApp" finished-at="2021-05-24T11:41:55 IST" duration-ms="10875" status="PASS">
          <reporter-output>
          </reporter-output>
        </test-method> <!-- openApp -->
        <test-method signature="addproduct()[pri:0, instance:scripts.Addtocart@1ba9117e]" started-at="2021-05-24T11:41:55 IST" name="addproduct" finished-at="2021-05-24T11:42:13 IST" duration-ms="18499" status="PASS">
          <reporter-output>
          </reporter-output>
        </test-method> <!-- addproduct -->
        <test-method is-config="true" signature="closeApp(org.testng.ITestResult)[pri:0, instance:scripts.Addtocart@1ba9117e]" started-at="2021-05-24T11:42:13 IST" name="closeApp" finished-at="2021-05-24T11:42:15 IST" duration-ms="1624" status="PASS">
          <params>
            <param index="0">
              <value>
                <![CDATA[[TestResult name=addproduct status=SUCCESS method=Addtocart.addproduct()[pri:0, instance:scripts.Addtocart@1ba9117e] output={null}]]]>
              </value>
            </param>
          </params>
          <reporter-output>
          </reporter-output>
        </test-method> <!-- closeApp -->
      </class> <!-- scripts.Addtocart -->
    </test> <!-- Default test -->
  </suite> <!-- Default suite -->
</testng-results>
